<?xml version="1.0" encoding="UTF-8"?>
<testng-results ignored="0" total="2" passed="2" failed="0" skipped="0">
  <reporter-output>
  </reporter-output>
  <suite started-at="2019-12-03T20:41:26 CET" name="Default suite" finished-at="2019-12-03T20:41:54 CET" duration-ms="28720">
    <groups>
    </groups>
    <test started-at="2019-12-03T20:41:26 CET" name="Default test" finished-at="2019-12-03T20:41:54 CET" duration-ms="28720">
      <class name="tests.LoginTest">
        <test-method is-config="true" signature="setup()[pri:0, instance:tests.LoginTest@1e730495]" started-at="2019-12-03T20:41:26 CET" name="setup" finished-at="2019-12-03T20:41:29 CET" duration-ms="3041" status="PASS">
          <reporter-output>
          </reporter-output>
        </test-method> <!-- setup -->
        <test-method signature="basicLogin()[pri:0, instance:tests.LoginTest@1e730495]" started-at="2019-12-03T20:41:29 CET" name="basicLogin" finished-at="2019-12-03T20:41:49 CET" duration-ms="20687" status="PASS">
          <reporter-output>
          </reporter-output>
        </test-method> <!-- basicLogin -->
        <test-method signature="Settings()[pri:10, instance:tests.LoginTest@1e730495]" started-at="2019-12-03T20:41:49 CET" name="Settings" finished-at="2019-12-03T20:41:54 CET" duration-ms="4951" status="PASS">
          <reporter-output>
          </reporter-output>
        </test-method> <!-- Settings -->
        <test-method is-config="true" signature="quit()[pri:0, instance:tests.LoginTest@1e730495]" started-at="2019-12-03T20:41:54 CET" name="quit" finished-at="2019-12-03T20:41:54 CET" duration-ms="1" status="PASS">
          <reporter-output>
          </reporter-output>
        </test-method> <!-- quit -->
      </class> <!-- tests.LoginTest -->
    </test> <!-- Default test -->
  </suite> <!-- Default suite -->
</testng-results>
